A D/Acl////
A D/Amf////
A D/Application////
A D/Auth////
A D/Barcode////
A D/Cache////
A D/Captcha////
A D/Cloud////
A D/CodeGenerator////
A D/Config////
A D/Console////
A D/Controller////
A D/Crypt////
A D/Currency////
A D/Date////
A D/Db////
A D/Dojo////
A D/Dom////
A D/EventManager////
A D/Feed////
A D/File////
A D/Filter////
A D/Form////
A D/Gdata////
A D/Http////
A D/InfoCard////
A D/Internacionalization////
A D/Json////
A D/Layout////
A D/Ldap////
A D/Loader////
A D/Locale////
A D/Log////
A D/Mail////
A D/Markup////
A D/Matrixcode////
A D/Measure////
A D/Memory////
A D/Mime////
A D/Mobile////
A D/Navigation////
A D/Oauth////
A D/OpenId////
A D/Paginator////
A D/Pdf////
A D/ProgressBar////
A D/Queue////
A D/Reflection////
A D/Rest////
A D/Search////
A D/Serializer////
A D/Server////
A D/Service////
A D/Session////
A D/Soap////
A D/Stdlib////
A D/Tag////
A D/Test////
A D/Text////
A D/TimeSync////
A D/Tool////
A D/Translate////
A D/Uri////
A D/Validate////
A D/View////
A D/Wildfire////
A D/XmlRpc////
R D/Matrixcode////
R D/Internacionalization////
